-------------------------------------------------------------------------------
Test set: com.example.demo.Day4ApplicationTests
-------------------------------------------------------------------------------
Tests run: 1, Failures: 0, Errors: 1, Skipped: 0, Time elapsed: 0.232 s <<< FAILURE! - in com.example.demo.Day4ApplicationTests
com.example.demo.Day4ApplicationTests  Time elapsed: 0.231 s  <<< ERROR!
java.lang.IllegalStateException: Unable to find a @SpringBootConfiguration, you need to use @ContextConfiguration or @SpringBootTest(classes=...) with your test

